<?xml version="1.0" encoding="utf-8"?>
<shfbBuild product="Sandcastle Help File Builder and Tools" version="2015.10.10.0" projectFile="C:\Users\Dmitry\Documents\GitHub\AMDL\amdl2maml\amdl2maml\Maml.Documentation\Maml.Documentation.shfbproj" started="20/11/2015 00:52:06">
<buildStep step="Initializing">
Finding tools...
The Sandcastle tools are located in &#39;C:\Program Files (x86)\EWSoftware\Sandcastle Help File Builder\&#39;
Searching for HTML Help 1 compiler...
Found HTML Help 1 compiler in &#39;C:\Program Files (x86)\HTML Help Workshop\&#39;
Locating components in the following folder(s):
    C:\Users\Dmitry\Documents\GitHub\AMDL\amdl2maml\amdl2maml\Maml.Documentation
    C:\ProgramData\EWSoftware\Sandcastle Help File Builder\Components and Plug-Ins\
    C:\Program Files (x86)\EWSoftware\Sandcastle Help File Builder\
Framework reflection data location: C:\Program Files (x86)\EWSoftware\Sandcastle Help File Builder\Data\.NETPortable
Using presentation style &#39;VS2013&#39; located in &#39;C:\Program Files (x86)\EWSoftware\Sandcastle Help File Builder\PresentationStyles\VS2013&#39;
Loading and initializing plug-ins...
Additional Content Only Version 2015.10.10.0
Copyright &#169; 2006-2015, Eric Woodruff, All Rights Reserved
    This build will only include additional content items.
Lightweight Website Style Version 2015.10.10.0
Copyright &#169; 2006-2015, Eric Woodruff, All Rights Reserved
Portions Copyright &#169; 2014, Sam Harwell, All Rights Reserved
-------------------------------
Clearing any prior web/markdown output...
    Did not delete folder &#39;C:\Users\Dmitry\Documents\GitHub\AMDL\amdl.github.io\.git&#39; as it contains read-only or hidden folders/files
</buildStep>
<buildStep step="ValidatingDocumentationSources">
Validating and copying documentation source information
<plugIn name="Additional Content Only" behavior="InsteadOf" priority="1000">
</plugIn></buildStep>
<buildStep step="GenerateSharedContent">
Generating shared content files (en-US, English (United States))...
<plugIn name="Lightweight Website Style" behavior="After" priority="1000">
</plugIn>    Last step completed in 00:00:00.0050
</buildStep>
<buildStep step="GenerateApiFilter">
Generating API filter for MRefBuilder...
<plugIn name="Additional Content Only" behavior="InsteadOf" priority="1000">
</plugIn>    Last step completed in 00:00:00.0000
</buildStep>
<buildStep step="GenerateReflectionInfo">
Generating reflection information...
<plugIn name="Additional Content Only" behavior="InsteadOf" priority="1000">
</plugIn>    Last step completed in 00:00:00.0020
</buildStep>
<buildStep step="TransformReflectionInfo">
Transforming reflection output...
<plugIn name="Additional Content Only" behavior="InsteadOf" priority="1000">
</plugIn>    Last step completed in 00:00:00.0010
</buildStep>
<buildStep step="GenerateNamespaceSummaries">
Generating namespace summary information...
<plugIn name="Additional Content Only" behavior="InsteadOf" priority="1000">
</plugIn>    Last step completed in 00:00:00.0030
</buildStep>
<buildStep step="CopyConceptualContent">
Copying conceptual content...
Copying standard token shared content file...
Checking for other token files...
Checking for code snippets files...
Copying images and creating the media map file...
    C:\Users\Dmitry\Documents\GitHub\AMDL\amdl2maml\amdl2maml\Maml.Documentation\media\Castle.png -&gt; C:\Users\Dmitry\Documents\GitHub\AMDL\amdl.github.io\Working\media\Castle.png
Generating conceptual topic files
    Parsing topic file &#39;C:\Users\Dmitry\Documents\GitHub\AMDL\amdl2maml\amdl2maml\Maml.Documentation\Content\Home.aml&#39;
    C:\Users\Dmitry\Documents\GitHub\AMDL\amdl2maml\amdl2maml\Maml.Documentation\Content\Home.aml -&gt; C:\Users\Dmitry\Documents\GitHub\AMDL\amdl.github.io\Working\ddueXml\8105a28b-0627-4b9e-97f6-5cd978f4d128.xml
    Parsing topic file &#39;C:\Users\Dmitry\Documents\GitHub\AMDL\amdl2maml\amdl2maml\Maml.Documentation\Content\Design-Principles.aml&#39;
    C:\Users\Dmitry\Documents\GitHub\AMDL\amdl2maml\amdl2maml\Maml.Documentation\Content\Design-Principles.aml -&gt; C:\Users\Dmitry\Documents\GitHub\AMDL\amdl.github.io\Working\ddueXml\d8f382af-8f28-4e32-98a2-6f8e7ddf2cf5.xml
    Parsing topic file &#39;C:\Users\Dmitry\Documents\GitHub\AMDL\amdl2maml\amdl2maml\Maml.Documentation\Content\MAML\MAML.aml&#39;
    C:\Users\Dmitry\Documents\GitHub\AMDL\amdl2maml\amdl2maml\Maml.Documentation\Content\MAML\MAML.aml -&gt; C:\Users\Dmitry\Documents\GitHub\AMDL\amdl.github.io\Working\ddueXml\580efa0a-5f59-441d-9def-b2de59d71159.xml
    Parsing topic file &#39;C:\Users\Dmitry\Documents\GitHub\AMDL\amdl2maml\amdl2maml\Maml.Documentation\Content\MAML\MAML-File-Types\MAML-File-Types.aml&#39;
    C:\Users\Dmitry\Documents\GitHub\AMDL\amdl2maml\amdl2maml\Maml.Documentation\Content\MAML\MAML-File-Types\MAML-File-Types.aml -&gt; C:\Users\Dmitry\Documents\GitHub\AMDL\amdl.github.io\Working\ddueXml\a315dbfe-62a7-4b06-b0b8-1db77bbc5ec6.xml
    Parsing topic file &#39;C:\Users\Dmitry\Documents\GitHub\AMDL\amdl2maml\amdl2maml\Maml.Documentation\Content\MAML\MAML-File-Types\Topic-File.aml&#39;
    C:\Users\Dmitry\Documents\GitHub\AMDL\amdl2maml\amdl2maml\Maml.Documentation\Content\MAML\MAML-File-Types\Topic-File.aml -&gt; C:\Users\Dmitry\Documents\GitHub\AMDL\amdl.github.io\Working\ddueXml\f3a5769b-14ba-479d-b1b8-411a49dd09cb.xml
    Parsing topic file &#39;C:\Users\Dmitry\Documents\GitHub\AMDL\amdl2maml\amdl2maml\Maml.Documentation\Content\MAML\MAML-Block-Elements\MAML-Block-Elements.aml&#39;
    C:\Users\Dmitry\Documents\GitHub\AMDL\amdl2maml\amdl2maml\Maml.Documentation\Content\MAML\MAML-Block-Elements\MAML-Block-Elements.aml -&gt; C:\Users\Dmitry\Documents\GitHub\AMDL\amdl.github.io\Working\ddueXml\7304a0d6-08bc-4ff6-83b5-7ea97b5c70cf.xml
    Parsing topic file &#39;C:\Users\Dmitry\Documents\GitHub\AMDL\amdl2maml\amdl2maml\Maml.Documentation\Content\MAML\MAML-Block-Elements\MAML-DefinitionTable.aml&#39;
    C:\Users\Dmitry\Documents\GitHub\AMDL\amdl2maml\amdl2maml\Maml.Documentation\Content\MAML\MAML-Block-Elements\MAML-DefinitionTable.aml -&gt; C:\Users\Dmitry\Documents\GitHub\AMDL\amdl.github.io\Working\ddueXml\632e17ce-26cf-4455-a6ee-31e9dac8f05a.xml
    Parsing topic file &#39;C:\Users\Dmitry\Documents\GitHub\AMDL\amdl2maml\amdl2maml\Maml.Documentation\Content\MAML\MAML-Block-Elements\MAML-Introduction.aml&#39;
    C:\Users\Dmitry\Documents\GitHub\AMDL\amdl2maml\amdl2maml\Maml.Documentation\Content\MAML\MAML-Block-Elements\MAML-Introduction.aml -&gt; C:\Users\Dmitry\Documents\GitHub\AMDL\amdl.github.io\Working\ddueXml\0ab2c5b3-cad5-4abb-b5f6-6882a07b83d2.xml
    Parsing topic file &#39;C:\Users\Dmitry\Documents\GitHub\AMDL\amdl2maml\amdl2maml\Maml.Documentation\Content\MAML\MAML-Block-Elements\MAML-Summary.aml&#39;
    C:\Users\Dmitry\Documents\GitHub\AMDL\amdl2maml\amdl2maml\Maml.Documentation\Content\MAML\MAML-Block-Elements\MAML-Summary.aml -&gt; C:\Users\Dmitry\Documents\GitHub\AMDL\amdl.github.io\Working\ddueXml\4092517c-098d-4680-9efe-eaf5bb5019c0.xml
    Parsing topic file &#39;C:\Users\Dmitry\Documents\GitHub\AMDL\amdl2maml\amdl2maml\Maml.Documentation\Content\MAML\MAML-Inline-Elements\MAML-Inline-Elements.aml&#39;
    C:\Users\Dmitry\Documents\GitHub\AMDL\amdl2maml\amdl2maml\Maml.Documentation\Content\MAML\MAML-Inline-Elements\MAML-Inline-Elements.aml -&gt; C:\Users\Dmitry\Documents\GitHub\AMDL\amdl.github.io\Working\ddueXml\41249bf2-dc38-4072-b367-4e13526f29a7.xml
    Parsing topic file &#39;C:\Users\Dmitry\Documents\GitHub\AMDL\amdl2maml\amdl2maml\Maml.Documentation\Content\MAML\MAML-Inline-Elements\MAML-LegacyBold.aml&#39;
    C:\Users\Dmitry\Documents\GitHub\AMDL\amdl2maml\amdl2maml\Maml.Documentation\Content\MAML\MAML-Inline-Elements\MAML-LegacyBold.aml -&gt; C:\Users\Dmitry\Documents\GitHub\AMDL\amdl.github.io\Working\ddueXml\d348035c-2667-432b-9084-16544290874d.xml
    Parsing topic file &#39;C:\Users\Dmitry\Documents\GitHub\AMDL\amdl2maml\amdl2maml\Maml.Documentation\Content\MAML\MAML-Inline-Elements\MAML-LegacyItalic.aml&#39;
    C:\Users\Dmitry\Documents\GitHub\AMDL\amdl2maml\amdl2maml\Maml.Documentation\Content\MAML\MAML-Inline-Elements\MAML-LegacyItalic.aml -&gt; C:\Users\Dmitry\Documents\GitHub\AMDL\amdl.github.io\Working\ddueXml\0d1b5b1e-59ed-4111-b976-0f8dbcd435a8.xml
    Parsing topic file &#39;C:\Users\Dmitry\Documents\GitHub\AMDL\amdl2maml\amdl2maml\Maml.Documentation\Content\MAML\MAML-Inline-Elements\MAML-LegacyUnderline.aml&#39;
    C:\Users\Dmitry\Documents\GitHub\AMDL\amdl2maml\amdl2maml\Maml.Documentation\Content\MAML\MAML-Inline-Elements\MAML-LegacyUnderline.aml -&gt; C:\Users\Dmitry\Documents\GitHub\AMDL\amdl.github.io\Working\ddueXml\c7ff7df3-d4f7-42a8-a70e-8739421ee5fb.xml
    Parsing topic file &#39;C:\Users\Dmitry\Documents\GitHub\AMDL\amdl2maml\amdl2maml\Maml.Documentation\Content\MAML\MAML-Inline-Elements\MAML-Subscript.aml&#39;
    C:\Users\Dmitry\Documents\GitHub\AMDL\amdl2maml\amdl2maml\Maml.Documentation\Content\MAML\MAML-Inline-Elements\MAML-Subscript.aml -&gt; C:\Users\Dmitry\Documents\GitHub\AMDL\amdl.github.io\Working\ddueXml\225a03f7-69e1-44f6-b7b5-8f14f373a75c.xml
    Parsing topic file &#39;C:\Users\Dmitry\Documents\GitHub\AMDL\amdl2maml\amdl2maml\Maml.Documentation\Content\MAML\MAML-Inline-Elements\MAML-Superscript.aml&#39;
    C:\Users\Dmitry\Documents\GitHub\AMDL\amdl2maml\amdl2maml\Maml.Documentation\Content\MAML\MAML-Inline-Elements\MAML-Superscript.aml -&gt; C:\Users\Dmitry\Documents\GitHub\AMDL\amdl.github.io\Working\ddueXml\76f41a0c-9f41-40b4-81f5-e3f264d795ab.xml
    Parsing topic file &#39;C:\Users\Dmitry\Documents\GitHub\AMDL\amdl2maml\amdl2maml\Maml.Documentation\Content\MAML\MAML-Media-Elements\MAML-Media-Elements.aml&#39;
    C:\Users\Dmitry\Documents\GitHub\AMDL\amdl2maml\amdl2maml\Maml.Documentation\Content\MAML\MAML-Media-Elements\MAML-Media-Elements.aml -&gt; C:\Users\Dmitry\Documents\GitHub\AMDL\amdl.github.io\Working\ddueXml\f436a412-378a-43ec-b798-24be086ceba7.xml
    Parsing topic file &#39;C:\Users\Dmitry\Documents\GitHub\AMDL\amdl2maml\amdl2maml\Maml.Documentation\Content\MAML\MAML-Media-Elements\MAML-MediaLink.aml&#39;
    C:\Users\Dmitry\Documents\GitHub\AMDL\amdl2maml\amdl2maml\Maml.Documentation\Content\MAML\MAML-Media-Elements\MAML-MediaLink.aml -&gt; C:\Users\Dmitry\Documents\GitHub\AMDL\amdl.github.io\Working\ddueXml\d3932f90-c4b6-405b-8b6a-5b0d40f534d7.xml
    Parsing topic file &#39;C:\Users\Dmitry\Documents\GitHub\AMDL\amdl2maml\amdl2maml\Maml.Documentation\Content\MAML\MAML-Media-Elements\MAML-MediaLinkInline.aml&#39;
    C:\Users\Dmitry\Documents\GitHub\AMDL\amdl2maml\amdl2maml\Maml.Documentation\Content\MAML\MAML-Media-Elements\MAML-MediaLinkInline.aml -&gt; C:\Users\Dmitry\Documents\GitHub\AMDL\amdl.github.io\Working\ddueXml\522d44b1-5cd7-4403-987a-6f097fdc56ff.xml
    Parsing topic file &#39;C:\Users\Dmitry\Documents\GitHub\AMDL\amdl2maml\amdl2maml\Maml.Documentation\Content\Markdown\Markdown.aml&#39;
    C:\Users\Dmitry\Documents\GitHub\AMDL\amdl2maml\amdl2maml\Maml.Documentation\Content\Markdown\Markdown.aml -&gt; C:\Users\Dmitry\Documents\GitHub\AMDL\amdl.github.io\Working\ddueXml\a8e7fa0d-1cde-4d54-8999-90674b26f8d8.xml
    Parsing topic file &#39;C:\Users\Dmitry\Documents\GitHub\AMDL\amdl2maml\amdl2maml\Maml.Documentation\Content\Markdown\Headers\Headers.aml&#39;
    C:\Users\Dmitry\Documents\GitHub\AMDL\amdl2maml\amdl2maml\Maml.Documentation\Content\Markdown\Headers\Headers.aml -&gt; C:\Users\Dmitry\Documents\GitHub\AMDL\amdl.github.io\Working\ddueXml\ee6bbac9-d239-468a-8e3f-c3512a5dbef0.xml
    Parsing topic file &#39;C:\Users\Dmitry\Documents\GitHub\AMDL\amdl2maml\amdl2maml\Maml.Documentation\Content\Markdown\Headers\ATX-Headers\ATX-Headers.aml&#39;
    C:\Users\Dmitry\Documents\GitHub\AMDL\amdl2maml\amdl2maml\Maml.Documentation\Content\Markdown\Headers\ATX-Headers\ATX-Headers.aml -&gt; C:\Users\Dmitry\Documents\GitHub\AMDL\amdl.github.io\Working\ddueXml\49c9ae98-e954-41f8-b6e9-ad62637de12d.xml
    Parsing topic file &#39;C:\Users\Dmitry\Documents\GitHub\AMDL\amdl2maml\amdl2maml\Maml.Documentation\Content\Markdown\Headers\ATX-Headers\ATX-Topic-Header.aml&#39;
    C:\Users\Dmitry\Documents\GitHub\AMDL\amdl2maml\amdl2maml\Maml.Documentation\Content\Markdown\Headers\ATX-Headers\ATX-Topic-Header.aml -&gt; C:\Users\Dmitry\Documents\GitHub\AMDL\amdl.github.io\Working\ddueXml\a3e870f6-5589-477a-8505-95c641025855.xml
    Parsing topic file &#39;C:\Users\Dmitry\Documents\GitHub\AMDL\amdl2maml\amdl2maml\Maml.Documentation\Content\Markdown\Headers\ATX-Headers\ATX-Section-Header.aml&#39;
    C:\Users\Dmitry\Documents\GitHub\AMDL\amdl2maml\amdl2maml\Maml.Documentation\Content\Markdown\Headers\ATX-Headers\ATX-Section-Header.aml -&gt; C:\Users\Dmitry\Documents\GitHub\AMDL\amdl.github.io\Working\ddueXml\3dc5a651-829e-4c61-9325-7738980ed456.xml
    Parsing topic file &#39;C:\Users\Dmitry\Documents\GitHub\AMDL\amdl2maml\amdl2maml\Maml.Documentation\Content\Markdown\Headers\Setext-Headers\Setext-Headers.aml&#39;
    C:\Users\Dmitry\Documents\GitHub\AMDL\amdl2maml\amdl2maml\Maml.Documentation\Content\Markdown\Headers\Setext-Headers\Setext-Headers.aml -&gt; C:\Users\Dmitry\Documents\GitHub\AMDL\amdl.github.io\Working\ddueXml\a45d9463-6a0b-4767-aacf-eb50e38ed722.xml
    Parsing topic file &#39;C:\Users\Dmitry\Documents\GitHub\AMDL\amdl2maml\amdl2maml\Maml.Documentation\Content\Markdown\Headers\Setext-Headers\Setext-Topic-Header.aml&#39;
    C:\Users\Dmitry\Documents\GitHub\AMDL\amdl2maml\amdl2maml\Maml.Documentation\Content\Markdown\Headers\Setext-Headers\Setext-Topic-Header.aml -&gt; C:\Users\Dmitry\Documents\GitHub\AMDL\amdl.github.io\Working\ddueXml\50005a18-8c9a-405b-82e7-efc76bb4eed1.xml
    Parsing topic file &#39;C:\Users\Dmitry\Documents\GitHub\AMDL\amdl2maml\amdl2maml\Maml.Documentation\Content\Markdown\Headers\Setext-Headers\Setext-Section-Header.aml&#39;
    C:\Users\Dmitry\Documents\GitHub\AMDL\amdl2maml\amdl2maml\Maml.Documentation\Content\Markdown\Headers\Setext-Headers\Setext-Section-Header.aml -&gt; C:\Users\Dmitry\Documents\GitHub\AMDL\amdl.github.io\Working\ddueXml\131f2864-f2bc-4170-a1a8-053bf3b83491.xml
    Parsing topic file &#39;C:\Users\Dmitry\Documents\GitHub\AMDL\amdl2maml\amdl2maml\Maml.Documentation\Content\Markdown\Block-Elements\Block-Elements.aml&#39;
    C:\Users\Dmitry\Documents\GitHub\AMDL\amdl2maml\amdl2maml\Maml.Documentation\Content\Markdown\Block-Elements\Block-Elements.aml -&gt; C:\Users\Dmitry\Documents\GitHub\AMDL\amdl.github.io\Working\ddueXml\c7cd0e90-2bec-4560-931b-db492b7c7358.xml
    Parsing topic file &#39;C:\Users\Dmitry\Documents\GitHub\AMDL\amdl2maml\amdl2maml\Maml.Documentation\Content\Markdown\Block-Elements\Definition-List.aml&#39;
    C:\Users\Dmitry\Documents\GitHub\AMDL\amdl2maml\amdl2maml\Maml.Documentation\Content\Markdown\Block-Elements\Definition-List.aml -&gt; C:\Users\Dmitry\Documents\GitHub\AMDL\amdl.github.io\Working\ddueXml\9dca27b6-77af-4749-a4be-e1b4767467b3.xml
    Parsing topic file &#39;C:\Users\Dmitry\Documents\GitHub\AMDL\amdl2maml\amdl2maml\Maml.Documentation\Content\Markdown\Images\Images.aml&#39;
    C:\Users\Dmitry\Documents\GitHub\AMDL\amdl2maml\amdl2maml\Maml.Documentation\Content\Markdown\Images\Images.aml -&gt; C:\Users\Dmitry\Documents\GitHub\AMDL\amdl.github.io\Working\ddueXml\48782fa5-7847-4c47-9c54-ddb2731da049.xml
    Parsing topic file &#39;C:\Users\Dmitry\Documents\GitHub\AMDL\amdl2maml\amdl2maml\Maml.Documentation\Content\Markdown\Images\Block-Image.aml&#39;
    C:\Users\Dmitry\Documents\GitHub\AMDL\amdl2maml\amdl2maml\Maml.Documentation\Content\Markdown\Images\Block-Image.aml -&gt; C:\Users\Dmitry\Documents\GitHub\AMDL\amdl.github.io\Working\ddueXml\cfeda7ee-17b9-463b-9aa1-e5348e6a7b6c.xml
    Parsing topic file &#39;C:\Users\Dmitry\Documents\GitHub\AMDL\amdl2maml\amdl2maml\Maml.Documentation\Content\Markdown\Images\Inline-Image.aml&#39;
    C:\Users\Dmitry\Documents\GitHub\AMDL\amdl2maml\amdl2maml\Maml.Documentation\Content\Markdown\Images\Inline-Image.aml -&gt; C:\Users\Dmitry\Documents\GitHub\AMDL\amdl.github.io\Working\ddueXml\586fceda-0136-42e4-a7be-936b1181d007.xml
    Parsing topic file &#39;C:\Users\Dmitry\Documents\GitHub\AMDL\amdl2maml\amdl2maml\Maml.Documentation\Content\Markdown\Inline-Elements\Inline-Elements.aml&#39;
    C:\Users\Dmitry\Documents\GitHub\AMDL\amdl2maml\amdl2maml\Maml.Documentation\Content\Markdown\Inline-Elements\Inline-Elements.aml -&gt; C:\Users\Dmitry\Documents\GitHub\AMDL\amdl.github.io\Working\ddueXml\e5433304-0e12-43e3-9094-3342c62f5dc8.xml
    Parsing topic file &#39;C:\Users\Dmitry\Documents\GitHub\AMDL\amdl2maml\amdl2maml\Maml.Documentation\Content\Markdown\Inline-Elements\Emphasis.aml&#39;
    C:\Users\Dmitry\Documents\GitHub\AMDL\amdl2maml\amdl2maml\Maml.Documentation\Content\Markdown\Inline-Elements\Emphasis.aml -&gt; C:\Users\Dmitry\Documents\GitHub\AMDL\amdl.github.io\Working\ddueXml\9bd38298-3699-4415-9853-dd58f9b5a5a3.xml
    Parsing topic file &#39;C:\Users\Dmitry\Documents\GitHub\AMDL\amdl2maml\amdl2maml\Maml.Documentation\Content\Markdown\Inline-Elements\Subscript.aml&#39;
    C:\Users\Dmitry\Documents\GitHub\AMDL\amdl2maml\amdl2maml\Maml.Documentation\Content\Markdown\Inline-Elements\Subscript.aml -&gt; C:\Users\Dmitry\Documents\GitHub\AMDL\amdl.github.io\Working\ddueXml\841b9bfc-e30c-4eb2-acf9-b3d1f2f9f54d.xml
    Parsing topic file &#39;C:\Users\Dmitry\Documents\GitHub\AMDL\amdl2maml\amdl2maml\Maml.Documentation\Content\Markdown\Inline-Elements\Superscript.aml&#39;
    C:\Users\Dmitry\Documents\GitHub\AMDL\amdl2maml\amdl2maml\Maml.Documentation\Content\Markdown\Inline-Elements\Superscript.aml -&gt; C:\Users\Dmitry\Documents\GitHub\AMDL\amdl.github.io\Working\ddueXml\52e90a26-9d60-4e91-b5f2-b8137b59a137.xml
    Parsing topic file &#39;C:\Users\Dmitry\Documents\GitHub\AMDL\amdl2maml\amdl2maml\Maml.Documentation\Content\Markdown\Inline-Elements\Strong-Emphasis.aml&#39;
    C:\Users\Dmitry\Documents\GitHub\AMDL\amdl2maml\amdl2maml\Maml.Documentation\Content\Markdown\Inline-Elements\Strong-Emphasis.aml -&gt; C:\Users\Dmitry\Documents\GitHub\AMDL\amdl.github.io\Working\ddueXml\ae554dc8-9444-4d91-a205-333b799a6939.xml
    Parsing topic file &#39;C:\Users\Dmitry\Documents\GitHub\AMDL\amdl2maml\amdl2maml\Maml.Documentation\Content\Markdown\Removed-Elements\Removed-Elements.aml&#39;
    C:\Users\Dmitry\Documents\GitHub\AMDL\amdl2maml\amdl2maml\Maml.Documentation\Content\Markdown\Removed-Elements\Removed-Elements.aml -&gt; C:\Users\Dmitry\Documents\GitHub\AMDL\amdl.github.io\Working\ddueXml\886b4047-c78d-48b5-9be2-07f8a222c7ae.xml
    Parsing topic file &#39;C:\Users\Dmitry\Documents\GitHub\AMDL\amdl2maml\amdl2maml\Maml.Documentation\Content\Markdown\Removed-Elements\Strikethrough.aml&#39;
    C:\Users\Dmitry\Documents\GitHub\AMDL\amdl2maml\amdl2maml\Maml.Documentation\Content\Markdown\Removed-Elements\Strikethrough.aml -&gt; C:\Users\Dmitry\Documents\GitHub\AMDL\amdl.github.io\Working\ddueXml\ea7640a4-5d11-494c-b307-d2dc9af2d5d0.xml
    Parsing topic file &#39;C:\Users\Dmitry\Documents\GitHub\AMDL\amdl2maml\amdl2maml\Maml.Documentation\Content\Tools\Tools.aml&#39;
    C:\Users\Dmitry\Documents\GitHub\AMDL\amdl2maml\amdl2maml\Maml.Documentation\Content\Tools\Tools.aml -&gt; C:\Users\Dmitry\Documents\GitHub\AMDL\amdl.github.io\Working\ddueXml\f05b62e4-4805-491a-ad2a-85545efbf6b9.xml
    Parsing topic file &#39;C:\Users\Dmitry\Documents\GitHub\AMDL\amdl2maml\amdl2maml\Maml.Documentation\Content\Tools\amdl2maml.aml&#39;
    C:\Users\Dmitry\Documents\GitHub\AMDL\amdl2maml\amdl2maml\Maml.Documentation\Content\Tools\amdl2maml.aml -&gt; C:\Users\Dmitry\Documents\GitHub\AMDL\amdl.github.io\Working\ddueXml\fc3d4a3c-76b2-487d-ba22-21f5aa07afde.xml
    Parsing topic file &#39;C:\Users\Dmitry\Documents\GitHub\AMDL\amdl2maml\amdl2maml\Maml.Documentation\Content\Tools\maml2amdl.aml&#39;
    C:\Users\Dmitry\Documents\GitHub\AMDL\amdl2maml\amdl2maml\Maml.Documentation\Content\Tools\maml2amdl.aml -&gt; C:\Users\Dmitry\Documents\GitHub\AMDL\amdl.github.io\Working\ddueXml\3aa7d932-6348-4151-80fa-f0df28976ae9.xml
    Last step completed in 00:00:00.4770
</buildStep>
<buildStep step="CreateConceptualTopicConfigs">
Creating conceptual topic configuration files...
    Companion files
    _ContentMetadata_.xml
    ConceptualManifest.xml
    Last step completed in 00:00:00.0790
</buildStep>
<buildStep step="CopyAdditionalContent">
Copying additional content files...
C:\Users\Dmitry\Documents\GitHub\AMDL\amdl2maml\amdl2maml\Maml.Documentation\icons\Help.png -&gt; C:\Users\Dmitry\Documents\GitHub\AMDL\amdl.github.io\Working\Output\HtmlHelp1\icons\Help.png
C:\Users\Dmitry\Documents\GitHub\AMDL\amdl2maml\amdl2maml\Maml.Documentation\icons\Help.png -&gt; C:\Users\Dmitry\Documents\GitHub\AMDL\amdl.github.io\Working\Output\Website\icons\Help.png
    Last step completed in 00:00:00.0120
</buildStep>
<buildStep step="MergeTablesOfContents">
Merging conceptual and additional tables of contents...
    Last step completed in 00:00:00.0000
</buildStep>
<buildStep step="GenerateIntermediateTableOfContents">
Generating intermediate table of contents file...
[C:\Program Files (x86)\MSBuild\12.0\bin\MSBuild.exe - GenerateIntermediateTOC.proj]
Build started 20/11/2015 00:52:07.
Project &quot;C:\Users\Dmitry\Documents\GitHub\AMDL\amdl.github.io\Working\GenerateIntermediateTOC.proj&quot; on node 1 (default targets).
GenerateIntermediateTOC:
  XslTransform (v2015.10.10.0)
  Copyright c 2006-2015, Microsoft Corporation, All Rights Reserved.
  Portions Copyright c 2006-2015, Eric Woodruff, All Rights Reserved.
  Applying XSL transformation &#39;C:\Program Files (x86)\EWSoftware\Sandcastle Help File Builder\\ProductionTransforms\CreateVSToc.xsl&#39;.
Done Building Project &quot;C:\Users\Dmitry\Documents\GitHub\AMDL\amdl.github.io\Working\GenerateIntermediateTOC.proj&quot; (default targets).

Build succeeded.

Time Elapsed 00:00:00.08
Generating conceptual content intermediate TOC file...
    Last step completed in 00:00:00.1540
</buildStep>
<buildStep step="CreateBuildAssemblerConfigs">
Creating Sandcastle configuration files...
    sandcastle.config
    conceptual.config
    Last step completed in 00:00:00.1210
</buildStep>
<buildStep step="MergeCustomConfigs">
Merging custom build component configurations
C:\Users\Dmitry\Documents\GitHub\AMDL\amdl.github.io\Working\sandcastle.config
C:\Users\Dmitry\Documents\GitHub\AMDL\amdl.github.io\Working\conceptual.config
    Removing unused ExampleComponent.
<plugIn name="Additional Content Only" behavior="After" priority="1000">
</plugIn>    Last step completed in 00:00:00.0220
</buildStep>
<buildStep step="BuildConceptualTopics">
Building conceptual help topics...
[C:\Program Files (x86)\MSBuild\12.0\bin\MSBuild.exe - BuildConceptualTopics.proj]
Build started 20/11/2015 00:52:07.
Project &quot;C:\Users\Dmitry\Documents\GitHub\AMDL\amdl.github.io\Working\BuildConceptualTopics.proj&quot; on node 1 (default targets).
BuildConceptualTopics:
  BuildAssembler (v2015.10.10.0)
  Copyright c 2006-2015, Microsoft Corporation, All Rights Reserved.
  Portions Copyright c 2006-2015, Eric Woodruff, All Rights Reserved.
  Loading configuration...
  Processing topics...
  Processed 41 topic(s)
  CopyFromIndexComponent: &quot;metadata&quot; in-memory cache entries used: 1 of 15.
Done Building Project &quot;C:\Users\Dmitry\Documents\GitHub\AMDL\amdl.github.io\Working\BuildConceptualTopics.proj&quot; (default targets).

Build succeeded.

Time Elapsed 00:00:01.64
    Last step completed in 00:00:01.7051
</buildStep>
<buildStep step="BuildReferenceTopics">
Building reference help topics...
<plugIn name="Additional Content Only" behavior="InsteadOf" priority="1000">
</plugIn>    Last step completed in 00:00:00.0010
</buildStep>
<buildStep step="CombiningIntermediateTocFiles">
Combining conceptual and API intermediate TOC files...
    Last step completed in 00:00:00.0020
</buildStep>
<buildStep step="ExtractingHtmlInfo">
Extracting HTML info for HTML Help 1 and/or website...
[C:\Program Files (x86)\MSBuild\12.0\bin\MSBuild.exe - ExtractHtmlInfo.proj]
Sandcastle Help File Builder and Tools, version 2015.10.10.0
Copyright c 2006-2015, Eric Woodruff, All Rights Reserved
E-Mail: Eric@EWoodruff.us

Using LCID &#39;1033&#39;, code page &#39;65001&#39;, encoding charset &#39;UTF-8&#39;.

Processing Help 1 files in C:\Users\Dmitry\Documents\GitHub\AMDL\amdl.github.io\Working\Output\HtmlHelp1
Processed 41 HTML files
Sorting keywords and generating See Also indices
Saving HTML Help 1 keyword index to C:\Users\Dmitry\Documents\GitHub\AMDL\amdl.github.io\Working\AMDL.hhk
Saving HTML Help 1 table of contents to C:\Users\Dmitry\Documents\GitHub\AMDL\amdl.github.io\Working\AMDL.hhc

Processing website files in C:\Users\Dmitry\Documents\GitHub\AMDL\amdl.github.io\Working\Output\Website
Processed 41 HTML files
Sorting keywords and generating See Also indices
Saving website keyword index to C:\Users\Dmitry\Documents\GitHub\AMDL\amdl.github.io\Working\WebKI.xml
Saving website table of contents to C:\Users\Dmitry\Documents\GitHub\AMDL\amdl.github.io\Working\WebTOC.xml
    Last step completed in 00:00:00.2390
</buildStep>
<buildStep step="CopyStandardHelpContent">
Copying standard help content...
C:\Program Files (x86)\EWSoftware\Sandcastle Help File Builder\PresentationStyles\VS2013\icons\AlertCaution.png -&gt; C:\Users\Dmitry\Documents\GitHub\AMDL\amdl.github.io\Working\Output\HtmlHelp1\icons\AlertCaution.png
C:\Program Files (x86)\EWSoftware\Sandcastle Help File Builder\PresentationStyles\VS2013\icons\AlertNote.png -&gt; C:\Users\Dmitry\Documents\GitHub\AMDL\amdl.github.io\Working\Output\HtmlHelp1\icons\AlertNote.png
C:\Program Files (x86)\EWSoftware\Sandcastle Help File Builder\PresentationStyles\VS2013\icons\AlertSecurity.png -&gt; C:\Users\Dmitry\Documents\GitHub\AMDL\amdl.github.io\Working\Output\HtmlHelp1\icons\AlertSecurity.png
C:\Program Files (x86)\EWSoftware\Sandcastle Help File Builder\PresentationStyles\VS2013\icons\CFW.gif -&gt; C:\Users\Dmitry\Documents\GitHub\AMDL\amdl.github.io\Working\Output\HtmlHelp1\icons\CFW.gif
C:\Program Files (x86)\EWSoftware\Sandcastle Help File Builder\PresentationStyles\VS2013\icons\CodeExample.png -&gt; C:\Users\Dmitry\Documents\GitHub\AMDL\amdl.github.io\Working\Output\HtmlHelp1\icons\CodeExample.png
C:\Program Files (x86)\EWSoftware\Sandcastle Help File Builder\PresentationStyles\VS2013\icons\favicon.ico -&gt; C:\Users\Dmitry\Documents\GitHub\AMDL\amdl.github.io\Working\Output\HtmlHelp1\icons\favicon.ico
C:\Program Files (x86)\EWSoftware\Sandcastle Help File Builder\PresentationStyles\VS2013\icons\privclass.gif -&gt; C:\Users\Dmitry\Documents\GitHub\AMDL\amdl.github.io\Working\Output\HtmlHelp1\icons\privclass.gif
C:\Program Files (x86)\EWSoftware\Sandcastle Help File Builder\PresentationStyles\VS2013\icons\privdelegate.gif -&gt; C:\Users\Dmitry\Documents\GitHub\AMDL\amdl.github.io\Working\Output\HtmlHelp1\icons\privdelegate.gif
C:\Program Files (x86)\EWSoftware\Sandcastle Help File Builder\PresentationStyles\VS2013\icons\privenumeration.gif -&gt; C:\Users\Dmitry\Documents\GitHub\AMDL\amdl.github.io\Working\Output\HtmlHelp1\icons\privenumeration.gif
C:\Program Files (x86)\EWSoftware\Sandcastle Help File Builder\PresentationStyles\VS2013\icons\privevent.gif -&gt; C:\Users\Dmitry\Documents\GitHub\AMDL\amdl.github.io\Working\Output\HtmlHelp1\icons\privevent.gif
C:\Program Files (x86)\EWSoftware\Sandcastle Help File Builder\PresentationStyles\VS2013\icons\privextension.gif -&gt; C:\Users\Dmitry\Documents\GitHub\AMDL\amdl.github.io\Working\Output\HtmlHelp1\icons\privextension.gif
C:\Program Files (x86)\EWSoftware\Sandcastle Help File Builder\PresentationStyles\VS2013\icons\privfield.gif -&gt; C:\Users\Dmitry\Documents\GitHub\AMDL\amdl.github.io\Working\Output\HtmlHelp1\icons\privfield.gif
C:\Program Files (x86)\EWSoftware\Sandcastle Help File Builder\PresentationStyles\VS2013\icons\privinterface.gif -&gt; C:\Users\Dmitry\Documents\GitHub\AMDL\amdl.github.io\Working\Output\HtmlHelp1\icons\privinterface.gif
C:\Program Files (x86)\EWSoftware\Sandcastle Help File Builder\PresentationStyles\VS2013\icons\privmethod.gif -&gt; C:\Users\Dmitry\Documents\GitHub\AMDL\amdl.github.io\Working\Output\HtmlHelp1\icons\privmethod.gif
C:\Program Files (x86)\EWSoftware\Sandcastle Help File Builder\PresentationStyles\VS2013\icons\privproperty.gif -&gt; C:\Users\Dmitry\Documents\GitHub\AMDL\amdl.github.io\Working\Output\HtmlHelp1\icons\privproperty.gif
C:\Program Files (x86)\EWSoftware\Sandcastle Help File Builder\PresentationStyles\VS2013\icons\privstructure.gif -&gt; C:\Users\Dmitry\Documents\GitHub\AMDL\amdl.github.io\Working\Output\HtmlHelp1\icons\privstructure.gif
C:\Program Files (x86)\EWSoftware\Sandcastle Help File Builder\PresentationStyles\VS2013\icons\protclass.gif -&gt; C:\Users\Dmitry\Documents\GitHub\AMDL\amdl.github.io\Working\Output\HtmlHelp1\icons\protclass.gif
C:\Program Files (x86)\EWSoftware\Sandcastle Help File Builder\PresentationStyles\VS2013\icons\protdelegate.gif -&gt; C:\Users\Dmitry\Documents\GitHub\AMDL\amdl.github.io\Working\Output\HtmlHelp1\icons\protdelegate.gif
C:\Program Files (x86)\EWSoftware\Sandcastle Help File Builder\PresentationStyles\VS2013\icons\protenumeration.gif -&gt; C:\Users\Dmitry\Documents\GitHub\AMDL\amdl.github.io\Working\Output\HtmlHelp1\icons\protenumeration.gif
C:\Program Files (x86)\EWSoftware\Sandcastle Help File Builder\PresentationStyles\VS2013\icons\protevent.gif -&gt; C:\Users\Dmitry\Documents\GitHub\AMDL\amdl.github.io\Working\Output\HtmlHelp1\icons\protevent.gif
C:\Program Files (x86)\EWSoftware\Sandcastle Help File Builder\PresentationStyles\VS2013\icons\protextension.gif -&gt; C:\Users\Dmitry\Documents\GitHub\AMDL\amdl.github.io\Working\Output\HtmlHelp1\icons\protextension.gif
C:\Program Files (x86)\EWSoftware\Sandcastle Help File Builder\PresentationStyles\VS2013\icons\protfield.gif -&gt; C:\Users\Dmitry\Documents\GitHub\AMDL\amdl.github.io\Working\Output\HtmlHelp1\icons\protfield.gif
C:\Program Files (x86)\EWSoftware\Sandcastle Help File Builder\PresentationStyles\VS2013\icons\protinterface.gif -&gt; C:\Users\Dmitry\Documents\GitHub\AMDL\amdl.github.io\Working\Output\HtmlHelp1\icons\protinterface.gif
C:\Program Files (x86)\EWSoftware\Sandcastle Help File Builder\PresentationStyles\VS2013\icons\protmethod.gif -&gt; C:\Users\Dmitry\Documents\GitHub\AMDL\amdl.github.io\Working\Output\HtmlHelp1\icons\protmethod.gif
C:\Program Files (x86)\EWSoftware\Sandcastle Help File Builder\PresentationStyles\VS2013\icons\protoperator.gif -&gt; C:\Users\Dmitry\Documents\GitHub\AMDL\amdl.github.io\Working\Output\HtmlHelp1\icons\protoperator.gif
C:\Program Files (x86)\EWSoftware\Sandcastle Help File Builder\PresentationStyles\VS2013\icons\protproperty.gif -&gt; C:\Users\Dmitry\Documents\GitHub\AMDL\amdl.github.io\Working\Output\HtmlHelp1\icons\protproperty.gif
C:\Program Files (x86)\EWSoftware\Sandcastle Help File Builder\PresentationStyles\VS2013\icons\protstructure.gif -&gt; C:\Users\Dmitry\Documents\GitHub\AMDL\amdl.github.io\Working\Output\HtmlHelp1\icons\protstructure.gif
C:\Program Files (x86)\EWSoftware\Sandcastle Help File Builder\PresentationStyles\VS2013\icons\pubclass.gif -&gt; C:\Users\Dmitry\Documents\GitHub\AMDL\amdl.github.io\Working\Output\HtmlHelp1\icons\pubclass.gif
C:\Program Files (x86)\EWSoftware\Sandcastle Help File Builder\PresentationStyles\VS2013\icons\pubdelegate.gif -&gt; C:\Users\Dmitry\Documents\GitHub\AMDL\amdl.github.io\Working\Output\HtmlHelp1\icons\pubdelegate.gif
C:\Program Files (x86)\EWSoftware\Sandcastle Help File Builder\PresentationStyles\VS2013\icons\pubenumeration.gif -&gt; C:\Users\Dmitry\Documents\GitHub\AMDL\amdl.github.io\Working\Output\HtmlHelp1\icons\pubenumeration.gif
C:\Program Files (x86)\EWSoftware\Sandcastle Help File Builder\PresentationStyles\VS2013\icons\pubevent.gif -&gt; C:\Users\Dmitry\Documents\GitHub\AMDL\amdl.github.io\Working\Output\HtmlHelp1\icons\pubevent.gif
C:\Program Files (x86)\EWSoftware\Sandcastle Help File Builder\PresentationStyles\VS2013\icons\pubextension.gif -&gt; C:\Users\Dmitry\Documents\GitHub\AMDL\amdl.github.io\Working\Output\HtmlHelp1\icons\pubextension.gif
C:\Program Files (x86)\EWSoftware\Sandcastle Help File Builder\PresentationStyles\VS2013\icons\pubfield.gif -&gt; C:\Users\Dmitry\Documents\GitHub\AMDL\amdl.github.io\Working\Output\HtmlHelp1\icons\pubfield.gif
C:\Program Files (x86)\EWSoftware\Sandcastle Help File Builder\PresentationStyles\VS2013\icons\pubinterface.gif -&gt; C:\Users\Dmitry\Documents\GitHub\AMDL\amdl.github.io\Working\Output\HtmlHelp1\icons\pubinterface.gif
C:\Program Files (x86)\EWSoftware\Sandcastle Help File Builder\PresentationStyles\VS2013\icons\pubmethod.gif -&gt; C:\Users\Dmitry\Documents\GitHub\AMDL\amdl.github.io\Working\Output\HtmlHelp1\icons\pubmethod.gif
C:\Program Files (x86)\EWSoftware\Sandcastle Help File Builder\PresentationStyles\VS2013\icons\puboperator.gif -&gt; C:\Users\Dmitry\Documents\GitHub\AMDL\amdl.github.io\Working\Output\HtmlHelp1\icons\puboperator.gif
C:\Program Files (x86)\EWSoftware\Sandcastle Help File Builder\PresentationStyles\VS2013\icons\pubproperty.gif -&gt; C:\Users\Dmitry\Documents\GitHub\AMDL\amdl.github.io\Working\Output\HtmlHelp1\icons\pubproperty.gif
C:\Program Files (x86)\EWSoftware\Sandcastle Help File Builder\PresentationStyles\VS2013\icons\pubstructure.gif -&gt; C:\Users\Dmitry\Documents\GitHub\AMDL\amdl.github.io\Working\Output\HtmlHelp1\icons\pubstructure.gif
C:\Program Files (x86)\EWSoftware\Sandcastle Help File Builder\PresentationStyles\VS2013\icons\SectionCollapsed.png -&gt; C:\Users\Dmitry\Documents\GitHub\AMDL\amdl.github.io\Working\Output\HtmlHelp1\icons\SectionCollapsed.png
C:\Program Files (x86)\EWSoftware\Sandcastle Help File Builder\PresentationStyles\VS2013\icons\SectionExpanded.png -&gt; C:\Users\Dmitry\Documents\GitHub\AMDL\amdl.github.io\Working\Output\HtmlHelp1\icons\SectionExpanded.png
C:\Program Files (x86)\EWSoftware\Sandcastle Help File Builder\PresentationStyles\VS2013\icons\slMobile.gif -&gt; C:\Users\Dmitry\Documents\GitHub\AMDL\amdl.github.io\Working\Output\HtmlHelp1\icons\slMobile.gif
C:\Program Files (x86)\EWSoftware\Sandcastle Help File Builder\PresentationStyles\VS2013\icons\static.gif -&gt; C:\Users\Dmitry\Documents\GitHub\AMDL\amdl.github.io\Working\Output\HtmlHelp1\icons\static.gif
C:\Program Files (x86)\EWSoftware\Sandcastle Help File Builder\PresentationStyles\VS2013\icons\xna.gif -&gt; C:\Users\Dmitry\Documents\GitHub\AMDL\amdl.github.io\Working\Output\HtmlHelp1\icons\xna.gif
C:\Program Files (x86)\EWSoftware\Sandcastle Help File Builder\PresentationStyles\VS2013\scripts\branding.js -&gt; C:\Users\Dmitry\Documents\GitHub\AMDL\amdl.github.io\Working\Output\HtmlHelp1\scripts\branding.js
C:\Program Files (x86)\EWSoftware\Sandcastle Help File Builder\PresentationStyles\VS2013\styles\branding-cs-CZ.css -&gt; C:\Users\Dmitry\Documents\GitHub\AMDL\amdl.github.io\Working\Output\HtmlHelp1\styles\branding-cs-CZ.css
C:\Program Files (x86)\EWSoftware\Sandcastle Help File Builder\PresentationStyles\VS2013\styles\branding-de-DE.css -&gt; C:\Users\Dmitry\Documents\GitHub\AMDL\amdl.github.io\Working\Output\HtmlHelp1\styles\branding-de-DE.css
C:\Program Files (x86)\EWSoftware\Sandcastle Help File Builder\PresentationStyles\VS2013\styles\branding-en-US.css -&gt; C:\Users\Dmitry\Documents\GitHub\AMDL\amdl.github.io\Working\Output\HtmlHelp1\styles\branding-en-US.css
C:\Program Files (x86)\EWSoftware\Sandcastle Help File Builder\PresentationStyles\VS2013\styles\branding-es-ES.css -&gt; C:\Users\Dmitry\Documents\GitHub\AMDL\amdl.github.io\Working\Output\HtmlHelp1\styles\branding-es-ES.css
C:\Program Files (x86)\EWSoftware\Sandcastle Help File Builder\PresentationStyles\VS2013\styles\branding-fr-FR.css -&gt; C:\Users\Dmitry\Documents\GitHub\AMDL\amdl.github.io\Working\Output\HtmlHelp1\styles\branding-fr-FR.css
C:\Program Files (x86)\EWSoftware\Sandcastle Help File Builder\PresentationStyles\VS2013\styles\branding-Help1.css -&gt; C:\Users\Dmitry\Documents\GitHub\AMDL\amdl.github.io\Working\Output\HtmlHelp1\styles\branding-Help1.css
C:\Program Files (x86)\EWSoftware\Sandcastle Help File Builder\PresentationStyles\VS2013\styles\branding-HelpViewer.css -&gt; C:\Users\Dmitry\Documents\GitHub\AMDL\amdl.github.io\Working\Output\HtmlHelp1\styles\branding-HelpViewer.css
C:\Program Files (x86)\EWSoftware\Sandcastle Help File Builder\PresentationStyles\VS2013\styles\branding-it-IT.css -&gt; C:\Users\Dmitry\Documents\GitHub\AMDL\amdl.github.io\Working\Output\HtmlHelp1\styles\branding-it-IT.css
C:\Program Files (x86)\EWSoftware\Sandcastle Help File Builder\PresentationStyles\VS2013\styles\branding-ja-JP.css -&gt; C:\Users\Dmitry\Documents\GitHub\AMDL\amdl.github.io\Working\Output\HtmlHelp1\styles\branding-ja-JP.css
C:\Program Files (x86)\EWSoftware\Sandcastle Help File Builder\PresentationStyles\VS2013\styles\branding-ko-KR.css -&gt; C:\Users\Dmitry\Documents\GitHub\AMDL\amdl.github.io\Working\Output\HtmlHelp1\styles\branding-ko-KR.css
C:\Program Files (x86)\EWSoftware\Sandcastle Help File Builder\PresentationStyles\VS2013\styles\branding-pl-PL.css -&gt; C:\Users\Dmitry\Documents\GitHub\AMDL\amdl.github.io\Working\Output\HtmlHelp1\styles\branding-pl-PL.css
C:\Program Files (x86)\EWSoftware\Sandcastle Help File Builder\PresentationStyles\VS2013\styles\branding-pt-BR.css -&gt; C:\Users\Dmitry\Documents\GitHub\AMDL\amdl.github.io\Working\Output\HtmlHelp1\styles\branding-pt-BR.css
C:\Program Files (x86)\EWSoftware\Sandcastle Help File Builder\PresentationStyles\VS2013\styles\branding-ru-RU.css -&gt; C:\Users\Dmitry\Documents\GitHub\AMDL\amdl.github.io\Working\Output\HtmlHelp1\styles\branding-ru-RU.css
C:\Program Files (x86)\EWSoftware\Sandcastle Help File Builder\PresentationStyles\VS2013\styles\branding-tr-TR.css -&gt; C:\Users\Dmitry\Documents\GitHub\AMDL\amdl.github.io\Working\Output\HtmlHelp1\styles\branding-tr-TR.css
C:\Program Files (x86)\EWSoftware\Sandcastle Help File Builder\PresentationStyles\VS2013\styles\branding-Website.css -&gt; C:\Users\Dmitry\Documents\GitHub\AMDL\amdl.github.io\Working\Output\HtmlHelp1\styles\branding-Website.css
C:\Program Files (x86)\EWSoftware\Sandcastle Help File Builder\PresentationStyles\VS2013\styles\branding-zh-CN.css -&gt; C:\Users\Dmitry\Documents\GitHub\AMDL\amdl.github.io\Working\Output\HtmlHelp1\styles\branding-zh-CN.css
C:\Program Files (x86)\EWSoftware\Sandcastle Help File Builder\PresentationStyles\VS2013\styles\branding-zh-TW.css -&gt; C:\Users\Dmitry\Documents\GitHub\AMDL\amdl.github.io\Working\Output\HtmlHelp1\styles\branding-zh-TW.css
C:\Program Files (x86)\EWSoftware\Sandcastle Help File Builder\PresentationStyles\VS2013\styles\branding.css -&gt; C:\Users\Dmitry\Documents\GitHub\AMDL\amdl.github.io\Working\Output\HtmlHelp1\styles\branding.css
C:\Program Files (x86)\EWSoftware\Sandcastle Help File Builder\PresentationStyles\VS2013\icons\AlertCaution.png -&gt; C:\Users\Dmitry\Documents\GitHub\AMDL\amdl.github.io\Working\Output\Website\icons\AlertCaution.png
C:\Program Files (x86)\EWSoftware\Sandcastle Help File Builder\PresentationStyles\VS2013\icons\AlertNote.png -&gt; C:\Users\Dmitry\Documents\GitHub\AMDL\amdl.github.io\Working\Output\Website\icons\AlertNote.png
C:\Program Files (x86)\EWSoftware\Sandcastle Help File Builder\PresentationStyles\VS2013\icons\AlertSecurity.png -&gt; C:\Users\Dmitry\Documents\GitHub\AMDL\amdl.github.io\Working\Output\Website\icons\AlertSecurity.png
C:\Program Files (x86)\EWSoftware\Sandcastle Help File Builder\PresentationStyles\VS2013\icons\CFW.gif -&gt; C:\Users\Dmitry\Documents\GitHub\AMDL\amdl.github.io\Working\Output\Website\icons\CFW.gif
C:\Program Files (x86)\EWSoftware\Sandcastle Help File Builder\PresentationStyles\VS2013\icons\CodeExample.png -&gt; C:\Users\Dmitry\Documents\GitHub\AMDL\amdl.github.io\Working\Output\Website\icons\CodeExample.png
C:\Program Files (x86)\EWSoftware\Sandcastle Help File Builder\PresentationStyles\VS2013\icons\favicon.ico -&gt; C:\Users\Dmitry\Documents\GitHub\AMDL\amdl.github.io\Working\Output\Website\icons\favicon.ico
C:\Program Files (x86)\EWSoftware\Sandcastle Help File Builder\PresentationStyles\VS2013\icons\privclass.gif -&gt; C:\Users\Dmitry\Documents\GitHub\AMDL\amdl.github.io\Working\Output\Website\icons\privclass.gif
C:\Program Files (x86)\EWSoftware\Sandcastle Help File Builder\PresentationStyles\VS2013\icons\privdelegate.gif -&gt; C:\Users\Dmitry\Documents\GitHub\AMDL\amdl.github.io\Working\Output\Website\icons\privdelegate.gif
C:\Program Files (x86)\EWSoftware\Sandcastle Help File Builder\PresentationStyles\VS2013\icons\privenumeration.gif -&gt; C:\Users\Dmitry\Documents\GitHub\AMDL\amdl.github.io\Working\Output\Website\icons\privenumeration.gif
C:\Program Files (x86)\EWSoftware\Sandcastle Help File Builder\PresentationStyles\VS2013\icons\privevent.gif -&gt; C:\Users\Dmitry\Documents\GitHub\AMDL\amdl.github.io\Working\Output\Website\icons\privevent.gif
C:\Program Files (x86)\EWSoftware\Sandcastle Help File Builder\PresentationStyles\VS2013\icons\privextension.gif -&gt; C:\Users\Dmitry\Documents\GitHub\AMDL\amdl.github.io\Working\Output\Website\icons\privextension.gif
C:\Program Files (x86)\EWSoftware\Sandcastle Help File Builder\PresentationStyles\VS2013\icons\privfield.gif -&gt; C:\Users\Dmitry\Documents\GitHub\AMDL\amdl.github.io\Working\Output\Website\icons\privfield.gif
C:\Program Files (x86)\EWSoftware\Sandcastle Help File Builder\PresentationStyles\VS2013\icons\privinterface.gif -&gt; C:\Users\Dmitry\Documents\GitHub\AMDL\amdl.github.io\Working\Output\Website\icons\privinterface.gif
C:\Program Files (x86)\EWSoftware\Sandcastle Help File Builder\PresentationStyles\VS2013\icons\privmethod.gif -&gt; C:\Users\Dmitry\Documents\GitHub\AMDL\amdl.github.io\Working\Output\Website\icons\privmethod.gif
C:\Program Files (x86)\EWSoftware\Sandcastle Help File Builder\PresentationStyles\VS2013\icons\privproperty.gif -&gt; C:\Users\Dmitry\Documents\GitHub\AMDL\amdl.github.io\Working\Output\Website\icons\privproperty.gif
C:\Program Files (x86)\EWSoftware\Sandcastle Help File Builder\PresentationStyles\VS2013\icons\privstructure.gif -&gt; C:\Users\Dmitry\Documents\GitHub\AMDL\amdl.github.io\Working\Output\Website\icons\privstructure.gif
C:\Program Files (x86)\EWSoftware\Sandcastle Help File Builder\PresentationStyles\VS2013\icons\protclass.gif -&gt; C:\Users\Dmitry\Documents\GitHub\AMDL\amdl.github.io\Working\Output\Website\icons\protclass.gif
C:\Program Files (x86)\EWSoftware\Sandcastle Help File Builder\PresentationStyles\VS2013\icons\protdelegate.gif -&gt; C:\Users\Dmitry\Documents\GitHub\AMDL\amdl.github.io\Working\Output\Website\icons\protdelegate.gif
C:\Program Files (x86)\EWSoftware\Sandcastle Help File Builder\PresentationStyles\VS2013\icons\protenumeration.gif -&gt; C:\Users\Dmitry\Documents\GitHub\AMDL\amdl.github.io\Working\Output\Website\icons\protenumeration.gif
C:\Program Files (x86)\EWSoftware\Sandcastle Help File Builder\PresentationStyles\VS2013\icons\protevent.gif -&gt; C:\Users\Dmitry\Documents\GitHub\AMDL\amdl.github.io\Working\Output\Website\icons\protevent.gif
C:\Program Files (x86)\EWSoftware\Sandcastle Help File Builder\PresentationStyles\VS2013\icons\protextension.gif -&gt; C:\Users\Dmitry\Documents\GitHub\AMDL\amdl.github.io\Working\Output\Website\icons\protextension.gif
C:\Program Files (x86)\EWSoftware\Sandcastle Help File Builder\PresentationStyles\VS2013\icons\protfield.gif -&gt; C:\Users\Dmitry\Documents\GitHub\AMDL\amdl.github.io\Working\Output\Website\icons\protfield.gif
C:\Program Files (x86)\EWSoftware\Sandcastle Help File Builder\PresentationStyles\VS2013\icons\protinterface.gif -&gt; C:\Users\Dmitry\Documents\GitHub\AMDL\amdl.github.io\Working\Output\Website\icons\protinterface.gif
C:\Program Files (x86)\EWSoftware\Sandcastle Help File Builder\PresentationStyles\VS2013\icons\protmethod.gif -&gt; C:\Users\Dmitry\Documents\GitHub\AMDL\amdl.github.io\Working\Output\Website\icons\protmethod.gif
C:\Program Files (x86)\EWSoftware\Sandcastle Help File Builder\PresentationStyles\VS2013\icons\protoperator.gif -&gt; C:\Users\Dmitry\Documents\GitHub\AMDL\amdl.github.io\Working\Output\Website\icons\protoperator.gif
C:\Program Files (x86)\EWSoftware\Sandcastle Help File Builder\PresentationStyles\VS2013\icons\protproperty.gif -&gt; C:\Users\Dmitry\Documents\GitHub\AMDL\amdl.github.io\Working\Output\Website\icons\protproperty.gif
C:\Program Files (x86)\EWSoftware\Sandcastle Help File Builder\PresentationStyles\VS2013\icons\protstructure.gif -&gt; C:\Users\Dmitry\Documents\GitHub\AMDL\amdl.github.io\Working\Output\Website\icons\protstructure.gif
C:\Program Files (x86)\EWSoftware\Sandcastle Help File Builder\PresentationStyles\VS2013\icons\pubclass.gif -&gt; C:\Users\Dmitry\Documents\GitHub\AMDL\amdl.github.io\Working\Output\Website\icons\pubclass.gif
C:\Program Files (x86)\EWSoftware\Sandcastle Help File Builder\PresentationStyles\VS2013\icons\pubdelegate.gif -&gt; C:\Users\Dmitry\Documents\GitHub\AMDL\amdl.github.io\Working\Output\Website\icons\pubdelegate.gif
C:\Program Files (x86)\EWSoftware\Sandcastle Help File Builder\PresentationStyles\VS2013\icons\pubenumeration.gif -&gt; C:\Users\Dmitry\Documents\GitHub\AMDL\amdl.github.io\Working\Output\Website\icons\pubenumeration.gif
C:\Program Files (x86)\EWSoftware\Sandcastle Help File Builder\PresentationStyles\VS2013\icons\pubevent.gif -&gt; C:\Users\Dmitry\Documents\GitHub\AMDL\amdl.github.io\Working\Output\Website\icons\pubevent.gif
C:\Program Files (x86)\EWSoftware\Sandcastle Help File Builder\PresentationStyles\VS2013\icons\pubextension.gif -&gt; C:\Users\Dmitry\Documents\GitHub\AMDL\amdl.github.io\Working\Output\Website\icons\pubextension.gif
C:\Program Files (x86)\EWSoftware\Sandcastle Help File Builder\PresentationStyles\VS2013\icons\pubfield.gif -&gt; C:\Users\Dmitry\Documents\GitHub\AMDL\amdl.github.io\Working\Output\Website\icons\pubfield.gif
C:\Program Files (x86)\EWSoftware\Sandcastle Help File Builder\PresentationStyles\VS2013\icons\pubinterface.gif -&gt; C:\Users\Dmitry\Documents\GitHub\AMDL\amdl.github.io\Working\Output\Website\icons\pubinterface.gif
C:\Program Files (x86)\EWSoftware\Sandcastle Help File Builder\PresentationStyles\VS2013\icons\pubmethod.gif -&gt; C:\Users\Dmitry\Documents\GitHub\AMDL\amdl.github.io\Working\Output\Website\icons\pubmethod.gif
C:\Program Files (x86)\EWSoftware\Sandcastle Help File Builder\PresentationStyles\VS2013\icons\puboperator.gif -&gt; C:\Users\Dmitry\Documents\GitHub\AMDL\amdl.github.io\Working\Output\Website\icons\puboperator.gif
C:\Program Files (x86)\EWSoftware\Sandcastle Help File Builder\PresentationStyles\VS2013\icons\pubproperty.gif -&gt; C:\Users\Dmitry\Documents\GitHub\AMDL\amdl.github.io\Working\Output\Website\icons\pubproperty.gif
C:\Program Files (x86)\EWSoftware\Sandcastle Help File Builder\PresentationStyles\VS2013\icons\pubstructure.gif -&gt; C:\Users\Dmitry\Documents\GitHub\AMDL\amdl.github.io\Working\Output\Website\icons\pubstructure.gif
C:\Program Files (x86)\EWSoftware\Sandcastle Help File Builder\PresentationStyles\VS2013\icons\SectionCollapsed.png -&gt; C:\Users\Dmitry\Documents\GitHub\AMDL\amdl.github.io\Working\Output\Website\icons\SectionCollapsed.png
C:\Program Files (x86)\EWSoftware\Sandcastle Help File Builder\PresentationStyles\VS2013\icons\SectionExpanded.png -&gt; C:\Users\Dmitry\Documents\GitHub\AMDL\amdl.github.io\Working\Output\Website\icons\SectionExpanded.png
C:\Program Files (x86)\EWSoftware\Sandcastle Help File Builder\PresentationStyles\VS2013\icons\slMobile.gif -&gt; C:\Users\Dmitry\Documents\GitHub\AMDL\amdl.github.io\Working\Output\Website\icons\slMobile.gif
C:\Program Files (x86)\EWSoftware\Sandcastle Help File Builder\PresentationStyles\VS2013\icons\static.gif -&gt; C:\Users\Dmitry\Documents\GitHub\AMDL\amdl.github.io\Working\Output\Website\icons\static.gif
C:\Program Files (x86)\EWSoftware\Sandcastle Help File Builder\PresentationStyles\VS2013\icons\xna.gif -&gt; C:\Users\Dmitry\Documents\GitHub\AMDL\amdl.github.io\Working\Output\Website\icons\xna.gif
C:\Program Files (x86)\EWSoftware\Sandcastle Help File Builder\PresentationStyles\VS2013\scripts\branding.js -&gt; C:\Users\Dmitry\Documents\GitHub\AMDL\amdl.github.io\Working\Output\Website\scripts\branding.js
C:\Program Files (x86)\EWSoftware\Sandcastle Help File Builder\PresentationStyles\VS2013\styles\branding-cs-CZ.css -&gt; C:\Users\Dmitry\Documents\GitHub\AMDL\amdl.github.io\Working\Output\Website\styles\branding-cs-CZ.css
C:\Program Files (x86)\EWSoftware\Sandcastle Help File Builder\PresentationStyles\VS2013\styles\branding-de-DE.css -&gt; C:\Users\Dmitry\Documents\GitHub\AMDL\amdl.github.io\Working\Output\Website\styles\branding-de-DE.css
C:\Program Files (x86)\EWSoftware\Sandcastle Help File Builder\PresentationStyles\VS2013\styles\branding-en-US.css -&gt; C:\Users\Dmitry\Documents\GitHub\AMDL\amdl.github.io\Working\Output\Website\styles\branding-en-US.css
C:\Program Files (x86)\EWSoftware\Sandcastle Help File Builder\PresentationStyles\VS2013\styles\branding-es-ES.css -&gt; C:\Users\Dmitry\Documents\GitHub\AMDL\amdl.github.io\Working\Output\Website\styles\branding-es-ES.css
C:\Program Files (x86)\EWSoftware\Sandcastle Help File Builder\PresentationStyles\VS2013\styles\branding-fr-FR.css -&gt; C:\Users\Dmitry\Documents\GitHub\AMDL\amdl.github.io\Working\Output\Website\styles\branding-fr-FR.css
C:\Program Files (x86)\EWSoftware\Sandcastle Help File Builder\PresentationStyles\VS2013\styles\branding-Help1.css -&gt; C:\Users\Dmitry\Documents\GitHub\AMDL\amdl.github.io\Working\Output\Website\styles\branding-Help1.css
C:\Program Files (x86)\EWSoftware\Sandcastle Help File Builder\PresentationStyles\VS2013\styles\branding-HelpViewer.css -&gt; C:\Users\Dmitry\Documents\GitHub\AMDL\amdl.github.io\Working\Output\Website\styles\branding-HelpViewer.css
C:\Program Files (x86)\EWSoftware\Sandcastle Help File Builder\PresentationStyles\VS2013\styles\branding-it-IT.css -&gt; C:\Users\Dmitry\Documents\GitHub\AMDL\amdl.github.io\Working\Output\Website\styles\branding-it-IT.css
C:\Program Files (x86)\EWSoftware\Sandcastle Help File Builder\PresentationStyles\VS2013\styles\branding-ja-JP.css -&gt; C:\Users\Dmitry\Documents\GitHub\AMDL\amdl.github.io\Working\Output\Website\styles\branding-ja-JP.css
C:\Program Files (x86)\EWSoftware\Sandcastle Help File Builder\PresentationStyles\VS2013\styles\branding-ko-KR.css -&gt; C:\Users\Dmitry\Documents\GitHub\AMDL\amdl.github.io\Working\Output\Website\styles\branding-ko-KR.css
C:\Program Files (x86)\EWSoftware\Sandcastle Help File Builder\PresentationStyles\VS2013\styles\branding-pl-PL.css -&gt; C:\Users\Dmitry\Documents\GitHub\AMDL\amdl.github.io\Working\Output\Website\styles\branding-pl-PL.css
C:\Program Files (x86)\EWSoftware\Sandcastle Help File Builder\PresentationStyles\VS2013\styles\branding-pt-BR.css -&gt; C:\Users\Dmitry\Documents\GitHub\AMDL\amdl.github.io\Working\Output\Website\styles\branding-pt-BR.css
C:\Program Files (x86)\EWSoftware\Sandcastle Help File Builder\PresentationStyles\VS2013\styles\branding-ru-RU.css -&gt; C:\Users\Dmitry\Documents\GitHub\AMDL\amdl.github.io\Working\Output\Website\styles\branding-ru-RU.css
C:\Program Files (x86)\EWSoftware\Sandcastle Help File Builder\PresentationStyles\VS2013\styles\branding-tr-TR.css -&gt; C:\Users\Dmitry\Documents\GitHub\AMDL\amdl.github.io\Working\Output\Website\styles\branding-tr-TR.css
C:\Program Files (x86)\EWSoftware\Sandcastle Help File Builder\PresentationStyles\VS2013\styles\branding-Website.css -&gt; C:\Users\Dmitry\Documents\GitHub\AMDL\amdl.github.io\Working\Output\Website\styles\branding-Website.css
C:\Program Files (x86)\EWSoftware\Sandcastle Help File Builder\PresentationStyles\VS2013\styles\branding-zh-CN.css -&gt; C:\Users\Dmitry\Documents\GitHub\AMDL\amdl.github.io\Working\Output\Website\styles\branding-zh-CN.css
C:\Program Files (x86)\EWSoftware\Sandcastle Help File Builder\PresentationStyles\VS2013\styles\branding-zh-TW.css -&gt; C:\Users\Dmitry\Documents\GitHub\AMDL\amdl.github.io\Working\Output\Website\styles\branding-zh-TW.css
C:\Program Files (x86)\EWSoftware\Sandcastle Help File Builder\PresentationStyles\VS2013\styles\branding.css -&gt; C:\Users\Dmitry\Documents\GitHub\AMDL\amdl.github.io\Working\Output\Website\styles\branding.css
C:\Program Files (x86)\EWSoftware\Sandcastle Help File Builder\PresentationStyles\VS2013\Web\index.html -&gt; C:\Users\Dmitry\Documents\GitHub\AMDL\amdl.github.io\Working\Output\Website\index.html
C:\Program Files (x86)\EWSoftware\Sandcastle Help File Builder\PresentationStyles\VS2013\Web\search.html -&gt; C:\Users\Dmitry\Documents\GitHub\AMDL\amdl.github.io\Working\Output\Website\search.html
C:\Program Files (x86)\EWSoftware\Sandcastle Help File Builder\PresentationStyles\VS2013\Web\SearchHelp.aspx -&gt; C:\Users\Dmitry\Documents\GitHub\AMDL\amdl.github.io\Working\Output\Website\SearchHelp.aspx
C:\Program Files (x86)\EWSoftware\Sandcastle Help File Builder\PresentationStyles\VS2013\Web\SearchHelp.inc.php -&gt; C:\Users\Dmitry\Documents\GitHub\AMDL\amdl.github.io\Working\Output\Website\SearchHelp.inc.php
C:\Program Files (x86)\EWSoftware\Sandcastle Help File Builder\PresentationStyles\VS2013\Web\SearchHelp.php -&gt; C:\Users\Dmitry\Documents\GitHub\AMDL\amdl.github.io\Working\Output\Website\SearchHelp.php
C:\Program Files (x86)\EWSoftware\Sandcastle Help File Builder\PresentationStyles\VS2013\Web\Web.Config -&gt; C:\Users\Dmitry\Documents\GitHub\AMDL\amdl.github.io\Working\Output\Website\Web.Config
C:\Program Files (x86)\EWSoftware\Sandcastle Help File Builder\PresentationStyles\VS2013\Web\icons\Search.png -&gt; C:\Users\Dmitry\Documents\GitHub\AMDL\amdl.github.io\Working\Output\Website\icons\Search.png
C:\Program Files (x86)\EWSoftware\Sandcastle Help File Builder\PresentationStyles\VS2013\Web\icons\TocClose.gif -&gt; C:\Users\Dmitry\Documents\GitHub\AMDL\amdl.github.io\Working\Output\Website\icons\TocClose.gif
C:\Program Files (x86)\EWSoftware\Sandcastle Help File Builder\PresentationStyles\VS2013\Web\icons\TocCollapsed.gif -&gt; C:\Users\Dmitry\Documents\GitHub\AMDL\amdl.github.io\Working\Output\Website\icons\TocCollapsed.gif
C:\Program Files (x86)\EWSoftware\Sandcastle Help File Builder\PresentationStyles\VS2013\Web\icons\TocExpanded.gif -&gt; C:\Users\Dmitry\Documents\GitHub\AMDL\amdl.github.io\Working\Output\Website\icons\TocExpanded.gif
C:\Program Files (x86)\EWSoftware\Sandcastle Help File Builder\PresentationStyles\VS2013\Web\icons\TocOpen.gif -&gt; C:\Users\Dmitry\Documents\GitHub\AMDL\amdl.github.io\Working\Output\Website\icons\TocOpen.gif
C:\Program Files (x86)\EWSoftware\Sandcastle Help File Builder\PresentationStyles\VS2013\Web\scripts\branding-Website.js -&gt; C:\Users\Dmitry\Documents\GitHub\AMDL\amdl.github.io\Working\Output\Website\scripts\branding-Website.js
C:\Program Files (x86)\EWSoftware\Sandcastle Help File Builder\PresentationStyles\VS2013\Web\scripts\jquery-1.11.0.min.js -&gt; C:\Users\Dmitry\Documents\GitHub\AMDL\amdl.github.io\Working\Output\Website\scripts\jquery-1.11.0.min.js
    Last step completed in 00:00:00.8440
</buildStep>
<buildStep step="GenerateHelpFormatTableOfContents">
Generating HTML Help 1 table of contents file...
    Last step completed in 00:00:00.0000
</buildStep>
<buildStep step="GenerateHelpFileIndex">
Generating HTML Help 1 index file...
    Last step completed in 00:00:00.0000
</buildStep>
<buildStep step="GenerateHelpProject">
Generating HTML Help 1 project file...
    Last step completed in 00:00:00.0020
</buildStep>
<buildStep step="CompilingHelpFile">
Compiling HTML Help 1 file...
[C:\Program Files (x86)\MSBuild\12.0\bin\MSBuild.exe - Build1xHelpFile.proj]
  Microsoft HTML Help Compiler 4.74.8702
  
  
  
  Compiling c:\Users\Dmitry\Documents\GitHub\AMDL\amdl.github.io\Working\Output\HtmlHelp1\AMDL.chm
  
  
  
  
  
  Compile time: 0 minutes, 0 seconds
  
  43	Topics
  
  228	Local links
  
  28	Internet links
  
  0	Graphics
  
  
  
  
  
  Created c:\Users\Dmitry\Documents\GitHub\AMDL\amdl.github.io\Working\Output\HtmlHelp1\AMDL.chm, 102,619 bytes
  
  Compression decreased file by 210,928 bytes.
  
    Last step completed in 00:00:00.5600
</buildStep>
<buildStep step="GenerateHelpFormatTableOfContents">
Generating website table of contents file...
    Last step completed in 00:00:00.0000
</buildStep>
<buildStep step="GenerateFullTextIndex">
Generating full-text index for the website...

<plugIn name="Lightweight Website Style" behavior="After" priority="1000">
Adding lightweight search and TOC elements to each topic...
</plugIn>    Last step completed in 00:00:00.2690
</buildStep>
<buildStep step="CopyingWebsiteFiles">
Copying website files to output folder...

Copied 159 files for the website content
    Last step completed in 00:00:00.3040
</buildStep>
<buildStep step="CleanIntermediates">
Removing intermediate files...
    Last step completed in 00:00:00.2370
</buildStep>
<buildStep step="Completed">

Build completed successfully at 20/11/2015 00:52:11.  Total time: 00:00:05.6693

</buildStep>
</shfbBuild>
